<?xml version="1.0" encoding="UTF-8"?>
<testsuite name="com.gts.godting.auth.token.JwtTokenProviderTest" tests="1" skipped="0" failures="0" errors="0" timestamp="2022-04-11T07:37:22" hostname="MacBookAir.local" time="0.098">
  <properties/>
  <testcase name="JWT 토큰 생성 테스트" classname="com.gts.godting.auth.token.JwtTokenProviderTest" time="0.098"/>
  <system-out><![CDATA[16:37:22.352 [Test worker] DEBUG org.springframework.context.annotation.AnnotationConfigApplicationContext - Refreshing org.springframework.context.annotation.AnnotationConfigApplicationContext@3fce8fd9
16:37:22.363 [Test worker] DEBUG org.springframework.beans.factory.support.DefaultListableBeanFactory - Creating shared instance of singleton bean 'org.springframework.context.annotation.internalConfigurationAnnotationProcessor'
16:37:22.419 [Test worker] DEBUG org.springframework.beans.factory.support.DefaultListableBeanFactory - Creating shared instance of singleton bean 'org.springframework.context.event.internalEventListenerProcessor'
16:37:22.420 [Test worker] DEBUG org.springframework.beans.factory.support.DefaultListableBeanFactory - Creating shared instance of singleton bean 'org.springframework.context.event.internalEventListenerFactory'
16:37:22.421 [Test worker] DEBUG org.springframework.beans.factory.support.DefaultListableBeanFactory - Creating shared instance of singleton bean 'org.springframework.context.annotation.internalAutowiredAnnotationProcessor'
16:37:22.422 [Test worker] DEBUG org.springframework.beans.factory.support.DefaultListableBeanFactory - Creating shared instance of singleton bean 'org.springframework.context.annotation.internalCommonAnnotationProcessor'
16:37:22.427 [Test worker] DEBUG org.springframework.beans.factory.support.DefaultListableBeanFactory - Creating shared instance of singleton bean 'org.springframework.context.annotation.internalPersistenceAnnotationProcessor'
16:37:22.429 [Test worker] DEBUG org.springframework.beans.factory.support.DefaultListableBeanFactory - Creating shared instance of singleton bean 'appConfig'
16:37:22.431 [Test worker] DEBUG org.springframework.beans.factory.support.DefaultListableBeanFactory - Creating shared instance of singleton bean 'modelMapper'
16:37:22.442 [Test worker] DEBUG org.springframework.beans.factory.support.DefaultListableBeanFactory - Creating shared instance of singleton bean 'jwtTokenProvider'
16:37:22.461 [Test worker] INFO com.gts.godting.config.auth.token.JwtTokenProvider - 토큰 생성
token = JwtToken(accessToken=eyJhbGciOiJIUzI1NiJ9.eyJzdWIiOiIxMjM0IiwiZW1haWwiOiJ0ZXN0QHRlc3QuY29tIiwiaWF0IjoxNjQ5NjYyNjQyLCJleHAiOjE2NDk2NjYyNDJ9.G4seo-K4EigLnnKIQLqm5iyDACMGd3xEPD2_ATmeS8o, refreshToken=eyJhbGciOiJIUzI1NiJ9.eyJzdWIiOiIxMjM0IiwiZW1haWwiOiJ0ZXN0QHRlc3QuY29tIiwiaWF0IjoxNjQ5NjYyNjQyLCJleHAiOjE2NTIyNTQ2NDJ9.TKB52Ox7cbrpk-pCVn8gH80WQKmcZlsatSuzbdPCLQ0)
true
true
]]></system-out>
  <system-err><![CDATA[]]></system-err>
</testsuite>
